<?xml version="1.0" encoding="UTF-8"?>
<!-- Generated by org.testng.reporters.JUnitReportReporter -->
<testsuite hostname="DESKTOP-6P64TEG" failures="0" tests="4" name="interview_Selenium.DataProviderSample" time="0.885" errors="0" timestamp="2025-02-21T14:21:58 IST" skipped="0">
  <testcase classname="interview_Selenium.DataProviderSample" name="login" time="0.139"/>
  <testcase classname="interview_Selenium.DataProviderSample" name="login" time="0.163"/>
  <testcase classname="interview_Selenium.DataProviderSample" name="login" time="0.386"/>
  <testcase classname="interview_Selenium.DataProviderSample" name="login" time="0.197"/>
</testsuite> <!-- interview_Selenium.DataProviderSample -->
